<?xml version="1.0" encoding="UTF-8"?>
<!-- Generated by org.testng.reporters.JUnitReportReporter -->
<testsuite hostname="DESKTOP-OSM8RH8" failures="0" tests="3" name="parallelpack.ParallelTest" time="43.312" errors="0" timestamp="2024-02-24T10:36:12 IST" skipped="0">
  <testcase classname="parallelpack.ParallelTest" name="test2" time="18.754"/>
  <system-out/>
  <testcase classname="parallelpack.ParallelTest" name="test3" time="14.334"/>
  <system-out/>
  <testcase classname="parallelpack.ParallelTest" name="test1" time="10.224"/>
  <system-out/>
</testsuite> <!-- parallelpack.ParallelTest -->
