<?xml version="1.0" encoding="UTF-8"?>
<!-- Generated by org.testng.reporters.JUnitReportReporter -->
<testsuite hostname="DESKTOP-OSM8RH8" failures="0" tests="1" name="Googledemo.GoogleTest" time="25.554" errors="0" timestamp="2024-02-24T10:25:23 IST" skipped="0">
  <testcase classname="Googledemo.GoogleTest" name="googlesearch" time="25.554"/>
  <system-out/>
</testsuite> <!-- Googledemo.GoogleTest -->
