<?xml version="1.0" encoding="UTF-8"?>
<!-- Generated by org.testng.reporters.JUnitReportReporter -->
<testsuite hostname="DESKTOP-OSM8RH8" failures="0" tests="4" name="Googledemo1.googletest1" time="41.409" errors="0" timestamp="2024-02-24T11:17:09 IST" skipped="0">
  <testcase classname="Googledemo1.googletest1" name="googletesting" time="30.694"/>
  <system-out/>
  <testcase classname="Googledemo1.googletest1" name="googletesting1" time="0.053"/>
  <system-out/>
  <testcase classname="Googledemo1.googletest1" name="googletesting2" time="2.151"/>
  <system-out/>
  <testcase classname="Googledemo1.googletest1" name="googletesting3" time="8.511"/>
  <system-out/>
</testsuite> <!-- Googledemo1.googletest1 -->
