<?xml version="1.0" encoding="UTF-8"?>
<!-- Generated by org.testng.reporters.JUnitReportReporter -->
<testsuite hostname="DESKTOP-OSM8RH8" failures="0" tests="2" name="Annotations.AnnotationTest" time="0.068" errors="0" timestamp="2024-02-17T15:06:25 IST" skipped="0">
  <testcase classname="Annotations.AnnotationTest" name="T1" time="0.035"/>
  <system-out/>
  <testcase classname="Annotations.AnnotationTest" name="T2" time="0.033"/>
  <system-out/>
</testsuite> <!-- Annotations.AnnotationTest -->
