<?xml version="1.0" encoding="UTF-8"?>
<!-- Generated by org.testng.reporters.JUnitReportReporter -->
<testsuite hostname="DESKTOP-OSM8RH8" failures="0" tests="2" name="financeTestCases.NewTest" time="0.038" errors="0" timestamp="2024-02-17T14:55:59 IST" skipped="0">
  <testcase classname="financeTestCases.NewTest" name="BIKE" time="0.026"/>
  <system-out/>
  <testcase classname="financeTestCases.NewTest" name="CAR" time="0.012"/>
  <system-out/>
</testsuite> <!-- financeTestCases.NewTest -->
